#
# A fatal error has been detected by the Java Runtime Environment:
#
#  SIGFPE (0x8) at pc=0x0000000118f72548, pid=1084, tid=6659
#
# JRE version: Java(TM) SE Runtime Environment 18.9 (11.0.10+8) (build 11.0.10+8-LTS-162)
# Java VM: Java HotSpot(TM) 64-Bit Server VM 18.9 (11.0.10+8-LTS-162, mixed mode, tiered, compressed oops, g1 gc, bsd-amd64)
# Problematic frame:
# j  com.javalec.function.DivNum.divAction(II)Ljava/lang/String;+0
#
# No core dump will be written. Core dumps have been disabled. To enable core dumping, try "ulimit -c unlimited" before starting Java again
#
# If you would like to submit a bug report, please visit:
#   https://bugreport.java.com/bugreport/crash.jsp
#

---------------  S U M M A R Y ------------

Command Line: -Dfile.encoding=UTF-8 com.javalec.base.Main

Host: MacBookAir10,1 x86_64 2400 MHz, 8 cores, 8G, Darwin 20.1.0
Time: Wed Apr  7 14:35:47 2021 KST elapsed time: 1.651308 seconds (0d 0h 0m 1s)

---------------  T H R E A D  ---------------

Current thread (0x00007fa3dd016000):  JavaThread "main" [_thread_in_Java, id=6659, stack(0x0000000308b9c000,0x0000000308c9c000)]

Stack: [0x0000000308b9c000,0x0000000308c9c000],  sp=0x0000000308c9b9d0,  free space=1022k
Native frames: (J=compiled Java code, A=aot compiled Java code, j=interpreted, Vv=VM code, C=native code)
j  com.javalec.function.DivNum.divAction(II)Ljava/lang/String;+0
j  com.javalec.base.Main.main([Ljava/lang/String;)V+105
v  ~StubRoutines::call_stub
V  [libjvm.dylib+0x39e2ec]  JavaCalls::call_helper(JavaValue*, methodHandle const&, JavaCallArguments*, Thread*)+0x21c
V  [libjvm.dylib+0x3e31fb]  jni_invoke_static(JNIEnv_*, JavaValue*, _jobject*, JNICallType, _jmethodID*, JNI_ArgumentPusher*, Thread*)+0x11c
V  [libjvm.dylib+0x3e69c6]  jni_CallStaticVoidMethod+0x1d1
C  [libjli.dylib+0x4a6e]  JavaMain+0xab5
C  [libsystem_pthread.dylib+0x6950]  _pthread_start+0xe0
C  [libsystem_pthread.dylib+0x247b]  thread_start+0xf


siginfo: si_signo: 8 (SIGFPE), si_code: 5 (FPE_FLTINV), si_addr: 0x0000000118f72548

Register to memory mapping:

RAX=0x0000000000000002 is an unknown value
RBX=0x000000000000006c is an unknown value
RCX=0x0 is NULL
RDX=0x0 is NULL
RSP=0x0000000308c9b9d0 is pointing into the stack for thread: 0x00007fa3dd016000
RBP=0x0000000308c9ba18 is pointing into the stack for thread: 0x00007fa3dd016000
RSI=0x0 is NULL
RDI=0x00007fa3dd016000 is a thread
R8 ={method} {0x000000012f2ed778} 'divAction' '(II)Ljava/lang/String;' in 'com/javalec/function/DivNum'
R9 =0x00007fa3db624240 points into unknown readable memory: 50 66 1e 2f 01 00 00 00
R10=0x000000010f1a94c0: _ZN19TemplateInterpreter13_active_tableE+0x2000 in /Library/Java/JavaVirtualMachines/jdk-11.0.10.jdk/Contents/Home/lib/server/libjvm.dylib at 0x000000010e800000
R11=0x00000001195187e0 is at entry_point+32 in (nmethod*)0x0000000119518610
R12=0x0 is NULL
R13=0x000000012f2ed73a is pointing into metadata
R14=0x0000000308c9ba40 is pointing into the stack for thread: 0x00007fa3dd016000
R15=0x00007fa3dd016000 is a thread


Registers:
RAX=0x0000000000000002, RBX=0x000000000000006c, RCX=0x0000000000000000, RDX=0x0000000000000000
RSP=0x0000000308c9b9d0, RBP=0x0000000308c9ba18, RSI=0x0000000000000000, RDI=0x00007fa3dd016000
R8 =0x000000012f2ed778, R9 =0x00007fa3db624240, R10=0x000000010f1a94c0, R11=0x00000001195187e0
R12=0x0000000000000000, R13=0x000000012f2ed73a, R14=0x0000000308c9ba40, R15=0x00007fa3dd016000
RIP=0x0000000118f72548, EFLAGS=0x0000000000000a83, ERR=0x0000000000000000
  TRAPNO=0x0000000000000000

Top of Stack: (sp=0x0000000308c9b9d0)
0x0000000308c9b9d0:   0000000308c9b9d0 000000012f2ed738
0x0000000308c9b9e0:   0000000308c9ba40 000000012f2ed7d0
0x0000000308c9b9f0:   0000000000000000 0000000787e97688
0x0000000308c9ba00:   000000012f2ed778 0000000000000000
0x0000000308c9ba10:   0000000308c9ba30 0000000308c9ba90
0x0000000308c9ba20:   0000000118f67cc0 0000000000000000
0x0000000308c9ba30:   0000000000000000 0000000000000002
0x0000000308c9ba40:   0000000787e97790 0000000308c9ba48
0x0000000308c9ba50:   000000012f1e6581 0000000308c9baf8
0x0000000308c9ba60:   000000012f1e66a8 0000000000000000
0x0000000308c9ba70:   0000000787e1b8b0 000000012f1e6650
0x0000000308c9ba80:   0000000308c9ba30 0000000308c9baf8
0x0000000308c9ba90:   0000000308c9bb60 0000000118f5ebc7
0x0000000308c9baa0:   0000000000000000 0000000787ea8410
0x0000000308c9bab0:   0000000787ea83e0 0000000787ea83b0
0x0000000308c9bac0:   0000000000000000 0000000000000002
0x0000000308c9bad0:   0000000787e97790 0000000787e96a40
0x0000000308c9bae0:   0000000787e95b58 0000000787e94e00
0x0000000308c9baf0:   0000000787e501a0 0000000787e1bf08
0x0000000308c9bb00:   0000000300001fa0 0000000308c9bce0
0x0000000308c9bb10:   0000000308c9be98 000000012f1e6650
0x0000000308c9bb20:   00007fa3dd016000 0000000000000001
0x0000000308c9bb30:   0000000308c9bbb8 0000000308c9bea0
0x0000000308c9bb40:   000000030000000a 000000012f1e6650
0x0000000308c9bb50:   0000000118f6c180 0000000308c9bce8
0x0000000308c9bb60:   0000000308c9bc40 000000010eb9e2ec
0x0000000308c9bb70:   0000000000000001 00007fa3dd016000
0x0000000308c9bb80:   00007fa3dd016000 00007fa3db60e930
0x0000000308c9bb90:   00007fa3db60eb30 00007fa3db60eb40
0x0000000308c9bba0:   00007fa3db60ec18 00000000000000d8
0x0000000308c9bbb0:   00007fa3db60ed10 00007fa3dd016000
0x0000000308c9bbc0:   00007fa3db60fa00 000000012f1e6650 

Instructions: (pc=0x0000000118f72548)
0x0000000118f72528:   c8 8b 04 24 48 83 c4 08 81 f8 00 00 00 80 0f 85
0x0000000118f72538:   0b 00 00 00 33 d2 83 f9 ff 0f 84 03 00 00 00 99
0x0000000118f72548:   f7 f9 41 0f b6 5d 01 49 ff c5 49 ba c0 94 1a 0f
0x0000000118f72558:   01 00 00 00 41 ff 24 da 80 00 00 00 00 00 00 00 

Stack slot to memory mapping:
stack at sp + 0 slots: 0x0000000308c9b9d0 is pointing into the stack for thread: 0x00007fa3dd016000
stack at sp + 1 slots: 0x000000012f2ed738 is pointing into metadata
stack at sp + 2 slots: 0x0000000308c9ba40 is pointing into the stack for thread: 0x00007fa3dd016000
stack at sp + 3 slots: 0x000000012f2ed7d0 is pointing into metadata
stack at sp + 4 slots: 0x0 is NULL
stack at sp + 5 slots: 0x0000000787e97688 is an oop: java.lang.Class 
{0x0000000787e97688} - klass: 'java/lang/Class'
stack at sp + 6 slots: {method} {0x000000012f2ed778} 'divAction' '(II)Ljava/lang/String;' in 'com/javalec/function/DivNum'
stack at sp + 7 slots: 0x0 is NULL

idiv  108 idiv  [0x0000000118f72520, 0x0000000118f72560]  64 bytes

---------------  P R O C E S S  ---------------

Threads class SMR info:
_java_thread_list=0x00007fa3db6400c0, length=9, elements={
0x00007fa3dd016000, 0x00007fa3dd043000, 0x00007fa3dc00d000, 0x00007fa3dd047000,
0x00007fa3dd04a800, 0x00007fa3dd04b800, 0x00007fa3dc017800, 0x00007fa3dc010800,
0x00007fa3dd09c000
}

Java Threads: ( => current thread )
=>0x00007fa3dd016000 JavaThread "main" [_thread_in_Java, id=6659, stack(0x0000000308b9c000,0x0000000308c9c000)]
  0x00007fa3dd043000 JavaThread "Reference Handler" daemon [_thread_blocked, id=16131, stack(0x00000003092b1000,0x00000003093b1000)]
  0x00007fa3dc00d000 JavaThread "Finalizer" daemon [_thread_blocked, id=14851, stack(0x00000003093b4000,0x00000003094b4000)]
  0x00007fa3dd047000 JavaThread "Signal Dispatcher" daemon [_thread_blocked, id=40963, stack(0x00000003095c7000,0x00000003096c7000)]
  0x00007fa3dd04a800 JavaThread "C2 CompilerThread0" daemon [_thread_blocked, id=40195, stack(0x00000003096ca000,0x00000003097ca000)]
  0x00007fa3dd04b800 JavaThread "C1 CompilerThread0" daemon [_thread_blocked, id=23811, stack(0x00000003097cd000,0x00000003098cd000)]
  0x00007fa3dc017800 JavaThread "Sweeper thread" daemon [_thread_blocked, id=39683, stack(0x00000003098d0000,0x00000003099d0000)]
  0x00007fa3dc010800 JavaThread "Service Thread" daemon [_thread_blocked, id=39427, stack(0x00000003099d3000,0x0000000309ad3000)]
  0x00007fa3dd09c000 JavaThread "Common-Cleaner" daemon [_thread_blocked, id=26627, stack(0x0000000309bd9000,0x0000000309cd9000)]

Other Threads:
  0x00007fa3dc8c4800 VMThread "VM Thread" [stack: 0x00000003091ae000,0x00000003092ae000] [id=16899]
  0x00007fa3dc011800 WatcherThread [stack: 0x0000000309ad6000,0x0000000309bd6000] [id=38971]
  0x00007fa3dc80c000 GCTaskThread "GC Thread#0" [stack: 0x0000000308c9f000,0x0000000308d9f000] [id=18947]
  0x00007fa3dd03c800 ConcurrentGCThread "G1 Main Marker" [stack: 0x0000000308da2000,0x0000000308ea2000] [id=12547]
  0x00007fa3dd03d000 ConcurrentGCThread "G1 Conc#0" [stack: 0x0000000308ea5000,0x0000000308fa5000] [id=12803]
  0x00007fa3dc86d000 ConcurrentGCThread "G1 Refine#0" [stack: 0x0000000308fa8000,0x00000003090a8000] [id=17667]
  0x00007fa3dc86d800 ConcurrentGCThread "G1 Young RemSet Sampling" [stack: 0x00000003090ab000,0x00000003091ab000] [id=13059]

Threads with active compile tasks:

VM state:not at safepoint (normal execution)

VM Mutex/Monitor currently owned by a thread: None

Heap address: 0x0000000780000000, size: 2048 MB, Compressed Oops mode: Zero based, Oop shift amount: 3
Narrow klass base: 0x0000000800000000, Narrow klass shift: 0
Compressed class space size: 1073741824 Address: 0x0000000800000000

Heap:
 garbage-first heap   total 131072K, used 1024K [0x0000000780000000, 0x0000000800000000)
  region size 1024K, 2 young (2048K), 0 survivors (0K)
 Metaspace       used 5870K, capacity 6040K, committed 6272K, reserved 1056768K
  class space    used 502K, capacity 541K, committed 640K, reserved 1048576K
Heap Regions: E=young(eden), S=young(survivor), O=old, HS=humongous(starts), HC=humongous(continues), CS=collection set, F=free, A=archive, TAMS=top-at-mark-start (previous, next)
|   0|0x0000000780000000, 0x0000000780000000, 0x0000000780100000|  0%| F|  |TAMS 0x0000000780000000, 0x0000000780000000| Untracked 
|   1|0x0000000780100000, 0x0000000780100000, 0x0000000780200000|  0%| F|  |TAMS 0x0000000780100000, 0x0000000780100000| Untracked 
|   2|0x0000000780200000, 0x0000000780200000, 0x0000000780300000|  0%| F|  |TAMS 0x0000000780200000, 0x0000000780200000| Untracked 
|   3|0x0000000780300000, 0x0000000780300000, 0x0000000780400000|  0%| F|  |TAMS 0x0000000780300000, 0x0000000780300000| Untracked 
|   4|0x0000000780400000, 0x0000000780400000, 0x0000000780500000|  0%| F|  |TAMS 0x0000000780400000, 0x0000000780400000| Untracked 
|   5|0x0000000780500000, 0x0000000780500000, 0x0000000780600000|  0%| F|  |TAMS 0x0000000780500000, 0x0000000780500000| Untracked 
|   6|0x0000000780600000, 0x0000000780600000, 0x0000000780700000|  0%| F|  |TAMS 0x0000000780600000, 0x0000000780600000| Untracked 
|   7|0x0000000780700000, 0x0000000780700000, 0x0000000780800000|  0%| F|  |TAMS 0x0000000780700000, 0x0000000780700000| Untracked 
|   8|0x0000000780800000, 0x0000000780800000, 0x0000000780900000|  0%| F|  |TAMS 0x0000000780800000, 0x0000000780800000| Untracked 
|   9|0x0000000780900000, 0x0000000780900000, 0x0000000780a00000|  0%| F|  |TAMS 0x0000000780900000, 0x0000000780900000| Untracked 
|  10|0x0000000780a00000, 0x0000000780a00000, 0x0000000780b00000|  0%| F|  |TAMS 0x0000000780a00000, 0x0000000780a00000| Untracked 
|  11|0x0000000780b00000, 0x0000000780b00000, 0x0000000780c00000|  0%| F|  |TAMS 0x0000000780b00000, 0x0000000780b00000| Untracked 
|  12|0x0000000780c00000, 0x0000000780c00000, 0x0000000780d00000|  0%| F|  |TAMS 0x0000000780c00000, 0x0000000780c00000| Untracked 
|  13|0x0000000780d00000, 0x0000000780d00000, 0x0000000780e00000|  0%| F|  |TAMS 0x0000000780d00000, 0x0000000780d00000| Untracked 
|  14|0x0000000780e00000, 0x0000000780e00000, 0x0000000780f00000|  0%| F|  |TAMS 0x0000000780e00000, 0x0000000780e00000| Untracked 
|  15|0x0000000780f00000, 0x0000000780f00000, 0x0000000781000000|  0%| F|  |TAMS 0x0000000780f00000, 0x0000000780f00000| Untracked 
|  16|0x0000000781000000, 0x0000000781000000, 0x0000000781100000|  0%| F|  |TAMS 0x0000000781000000, 0x0000000781000000| Untracked 
|  17|0x0000000781100000, 0x0000000781100000, 0x0000000781200000|  0%| F|  |TAMS 0x0000000781100000, 0x0000000781100000| Untracked 
|  18|0x0000000781200000, 0x0000000781200000, 0x0000000781300000|  0%| F|  |TAMS 0x0000000781200000, 0x0000000781200000| Untracked 
|  19|0x0000000781300000, 0x0000000781300000, 0x0000000781400000|  0%| F|  |TAMS 0x0000000781300000, 0x0000000781300000| Untracked 
|  20|0x0000000781400000, 0x0000000781400000, 0x0000000781500000|  0%| F|  |TAMS 0x0000000781400000, 0x0000000781400000| Untracked 
|  21|0x0000000781500000, 0x0000000781500000, 0x0000000781600000|  0%| F|  |TAMS 0x0000000781500000, 0x0000000781500000| Untracked 
|  22|0x0000000781600000, 0x0000000781600000, 0x0000000781700000|  0%| F|  |TAMS 0x0000000781600000, 0x0000000781600000| Untracked 
|  23|0x0000000781700000, 0x0000000781700000, 0x0000000781800000|  0%| F|  |TAMS 0x0000000781700000, 0x0000000781700000| Untracked 
|  24|0x0000000781800000, 0x0000000781800000, 0x0000000781900000|  0%| F|  |TAMS 0x0000000781800000, 0x0000000781800000| Untracked 
|  25|0x0000000781900000, 0x0000000781900000, 0x0000000781a00000|  0%| F|  |TAMS 0x0000000781900000, 0x0000000781900000| Untracked 
|  26|0x0000000781a00000, 0x0000000781a00000, 0x0000000781b00000|  0%| F|  |TAMS 0x0000000781a00000, 0x0000000781a00000| Untracked 
|  27|0x0000000781b00000, 0x0000000781b00000, 0x0000000781c00000|  0%| F|  |TAMS 0x0000000781b00000, 0x0000000781b00000| Untracked 
|  28|0x0000000781c00000, 0x0000000781c00000, 0x0000000781d00000|  0%| F|  |TAMS 0x0000000781c00000, 0x0000000781c00000| Untracked 
|  29|0x0000000781d00000, 0x0000000781d00000, 0x0000000781e00000|  0%| F|  |TAMS 0x0000000781d00000, 0x0000000781d00000| Untracked 
|  30|0x0000000781e00000, 0x0000000781e00000, 0x0000000781f00000|  0%| F|  |TAMS 0x0000000781e00000, 0x0000000781e00000| Untracked 
|  31|0x0000000781f00000, 0x0000000781f00000, 0x0000000782000000|  0%| F|  |TAMS 0x0000000781f00000, 0x0000000781f00000| Untracked 
|  32|0x0000000782000000, 0x0000000782000000, 0x0000000782100000|  0%| F|  |TAMS 0x0000000782000000, 0x0000000782000000| Untracked 
|  33|0x0000000782100000, 0x0000000782100000, 0x0000000782200000|  0%| F|  |TAMS 0x0000000782100000, 0x0000000782100000| Untracked 
|  34|0x0000000782200000, 0x0000000782200000, 0x0000000782300000|  0%| F|  |TAMS 0x0000000782200000, 0x0000000782200000| Untracked 
|  35|0x0000000782300000, 0x0000000782300000, 0x0000000782400000|  0%| F|  |TAMS 0x0000000782300000, 0x0000000782300000| Untracked 
|  36|0x0000000782400000, 0x0000000782400000, 0x0000000782500000|  0%| F|  |TAMS 0x0000000782400000, 0x0000000782400000| Untracked 
|  37|0x0000000782500000, 0x0000000782500000, 0x0000000782600000|  0%| F|  |TAMS 0x0000000782500000, 0x0000000782500000| Untracked 
|  38|0x0000000782600000, 0x0000000782600000, 0x0000000782700000|  0%| F|  |TAMS 0x0000000782600000, 0x0000000782600000| Untracked 
|  39|0x0000000782700000, 0x0000000782700000, 0x0000000782800000|  0%| F|  |TAMS 0x0000000782700000, 0x0000000782700000| Untracked 
|  40|0x0000000782800000, 0x0000000782800000, 0x0000000782900000|  0%| F|  |TAMS 0x0000000782800000, 0x0000000782800000| Untracked 
|  41|0x0000000782900000, 0x0000000782900000, 0x0000000782a00000|  0%| F|  |TAMS 0x0000000782900000, 0x0000000782900000| Untracked 
|  42|0x0000000782a00000, 0x0000000782a00000, 0x0000000782b00000|  0%| F|  |TAMS 0x0000000782a00000, 0x0000000782a00000| Untracked 
|  43|0x0000000782b00000, 0x0000000782b00000, 0x0000000782c00000|  0%| F|  |TAMS 0x0000000782b00000, 0x0000000782b00000| Untracked 
|  44|0x0000000782c00000, 0x0000000782c00000, 0x0000000782d00000|  0%| F|  |TAMS 0x0000000782c00000, 0x0000000782c00000| Untracked 
|  45|0x0000000782d00000, 0x0000000782d00000, 0x0000000782e00000|  0%| F|  |TAMS 0x0000000782d00000, 0x0000000782d00000| Untracked 
|  46|0x0000000782e00000, 0x0000000782e00000, 0x0000000782f00000|  0%| F|  |TAMS 0x0000000782e00000, 0x0000000782e00000| Untracked 
|  47|0x0000000782f00000, 0x0000000782f00000, 0x0000000783000000|  0%| F|  |TAMS 0x0000000782f00000, 0x0000000782f00000| Untracked 
|  48|0x0000000783000000, 0x0000000783000000, 0x0000000783100000|  0%| F|  |TAMS 0x0000000783000000, 0x0000000783000000| Untracked 
|  49|0x0000000783100000, 0x0000000783100000, 0x0000000783200000|  0%| F|  |TAMS 0x0000000783100000, 0x0000000783100000| Untracked 
|  50|0x0000000783200000, 0x0000000783200000, 0x0000000783300000|  0%| F|  |TAMS 0x0000000783200000, 0x0000000783200000| Untracked 
|  51|0x0000000783300000, 0x0000000783300000, 0x0000000783400000|  0%| F|  |TAMS 0x0000000783300000, 0x0000000783300000| Untracked 
|  52|0x0000000783400000, 0x0000000783400000, 0x0000000783500000|  0%| F|  |TAMS 0x0000000783400000, 0x0000000783400000| Untracked 
|  53|0x0000000783500000, 0x0000000783500000, 0x0000000783600000|  0%| F|  |TAMS 0x0000000783500000, 0x0000000783500000| Untracked 
|  54|0x0000000783600000, 0x0000000783600000, 0x0000000783700000|  0%| F|  |TAMS 0x0000000783600000, 0x0000000783600000| Untracked 
|  55|0x0000000783700000, 0x0000000783700000, 0x0000000783800000|  0%| F|  |TAMS 0x0000000783700000, 0x0000000783700000| Untracked 
|  56|0x0000000783800000, 0x0000000783800000, 0x0000000783900000|  0%| F|  |TAMS 0x0000000783800000, 0x0000000783800000| Untracked 
|  57|0x0000000783900000, 0x0000000783900000, 0x0000000783a00000|  0%| F|  |TAMS 0x0000000783900000, 0x0000000783900000| Untracked 
|  58|0x0000000783a00000, 0x0000000783a00000, 0x0000000783b00000|  0%| F|  |TAMS 0x0000000783a00000, 0x0000000783a00000| Untracked 
|  59|0x0000000783b00000, 0x0000000783b00000, 0x0000000783c00000|  0%| F|  |TAMS 0x0000000783b00000, 0x0000000783b00000| Untracked 
|  60|0x0000000783c00000, 0x0000000783c00000, 0x0000000783d00000|  0%| F|  |TAMS 0x0000000783c00000, 0x0000000783c00000| Untracked 
|  61|0x0000000783d00000, 0x0000000783d00000, 0x0000000783e00000|  0%| F|  |TAMS 0x0000000783d00000, 0x0000000783d00000| Untracked 
|  62|0x0000000783e00000, 0x0000000783e00000, 0x0000000783f00000|  0%| F|  |TAMS 0x0000000783e00000, 0x0000000783e00000| Untracked 
|  63|0x0000000783f00000, 0x0000000783f00000, 0x0000000784000000|  0%| F|  |TAMS 0x0000000783f00000, 0x0000000783f00000| Untracked 
|  64|0x0000000784000000, 0x0000000784000000, 0x0000000784100000|  0%| F|  |TAMS 0x0000000784000000, 0x0000000784000000| Untracked 
|  65|0x0000000784100000, 0x0000000784100000, 0x0000000784200000|  0%| F|  |TAMS 0x0000000784100000, 0x0000000784100000| Untracked 
|  66|0x0000000784200000, 0x0000000784200000, 0x0000000784300000|  0%| F|  |TAMS 0x0000000784200000, 0x0000000784200000| Untracked 
|  67|0x0000000784300000, 0x0000000784300000, 0x0000000784400000|  0%| F|  |TAMS 0x0000000784300000, 0x0000000784300000| Untracked 
|  68|0x0000000784400000, 0x0000000784400000, 0x0000000784500000|  0%| F|  |TAMS 0x0000000784400000, 0x0000000784400000| Untracked 
|  69|0x0000000784500000, 0x0000000784500000, 0x0000000784600000|  0%| F|  |TAMS 0x0000000784500000, 0x0000000784500000| Untracked 
|  70|0x0000000784600000, 0x0000000784600000, 0x0000000784700000|  0%| F|  |TAMS 0x0000000784600000, 0x0000000784600000| Untracked 
|  71|0x0000000784700000, 0x0000000784700000, 0x0000000784800000|  0%| F|  |TAMS 0x0000000784700000, 0x0000000784700000| Untracked 
|  72|0x0000000784800000, 0x0000000784800000, 0x0000000784900000|  0%| F|  |TAMS 0x0000000784800000, 0x0000000784800000| Untracked 
|  73|0x0000000784900000, 0x0000000784900000, 0x0000000784a00000|  0%| F|  |TAMS 0x0000000784900000, 0x0000000784900000| Untracked 
|  74|0x0000000784a00000, 0x0000000784a00000, 0x0000000784b00000|  0%| F|  |TAMS 0x0000000784a00000, 0x0000000784a00000| Untracked 
|  75|0x0000000784b00000, 0x0000000784b00000, 0x0000000784c00000|  0%| F|  |TAMS 0x0000000784b00000, 0x0000000784b00000| Untracked 
|  76|0x0000000784c00000, 0x0000000784c00000, 0x0000000784d00000|  0%| F|  |TAMS 0x0000000784c00000, 0x0000000784c00000| Untracked 
|  77|0x0000000784d00000, 0x0000000784d00000, 0x0000000784e00000|  0%| F|  |TAMS 0x0000000784d00000, 0x0000000784d00000| Untracked 
|  78|0x0000000784e00000, 0x0000000784e00000, 0x0000000784f00000|  0%| F|  |TAMS 0x0000000784e00000, 0x0000000784e00000| Untracked 
|  79|0x0000000784f00000, 0x0000000784f00000, 0x0000000785000000|  0%| F|  |TAMS 0x0000000784f00000, 0x0000000784f00000| Untracked 
|  80|0x0000000785000000, 0x0000000785000000, 0x0000000785100000|  0%| F|  |TAMS 0x0000000785000000, 0x0000000785000000| Untracked 
|  81|0x0000000785100000, 0x0000000785100000, 0x0000000785200000|  0%| F|  |TAMS 0x0000000785100000, 0x0000000785100000| Untracked 
|  82|0x0000000785200000, 0x0000000785200000, 0x0000000785300000|  0%| F|  |TAMS 0x0000000785200000, 0x0000000785200000| Untracked 
|  83|0x0000000785300000, 0x0000000785300000, 0x0000000785400000|  0%| F|  |TAMS 0x0000000785300000, 0x0000000785300000| Untracked 
|  84|0x0000000785400000, 0x0000000785400000, 0x0000000785500000|  0%| F|  |TAMS 0x0000000785400000, 0x0000000785400000| Untracked 
|  85|0x0000000785500000, 0x0000000785500000, 0x0000000785600000|  0%| F|  |TAMS 0x0000000785500000, 0x0000000785500000| Untracked 
|  86|0x0000000785600000, 0x0000000785600000, 0x0000000785700000|  0%| F|  |TAMS 0x0000000785600000, 0x0000000785600000| Untracked 
|  87|0x0000000785700000, 0x0000000785700000, 0x0000000785800000|  0%| F|  |TAMS 0x0000000785700000, 0x0000000785700000| Untracked 
|  88|0x0000000785800000, 0x0000000785800000, 0x0000000785900000|  0%| F|  |TAMS 0x0000000785800000, 0x0000000785800000| Untracked 
|  89|0x0000000785900000, 0x0000000785900000, 0x0000000785a00000|  0%| F|  |TAMS 0x0000000785900000, 0x0000000785900000| Untracked 
|  90|0x0000000785a00000, 0x0000000785a00000, 0x0000000785b00000|  0%| F|  |TAMS 0x0000000785a00000, 0x0000000785a00000| Untracked 
|  91|0x0000000785b00000, 0x0000000785b00000, 0x0000000785c00000|  0%| F|  |TAMS 0x0000000785b00000, 0x0000000785b00000| Untracked 
|  92|0x0000000785c00000, 0x0000000785c00000, 0x0000000785d00000|  0%| F|  |TAMS 0x0000000785c00000, 0x0000000785c00000| Untracked 
|  93|0x0000000785d00000, 0x0000000785d00000, 0x0000000785e00000|  0%| F|  |TAMS 0x0000000785d00000, 0x0000000785d00000| Untracked 
|  94|0x0000000785e00000, 0x0000000785e00000, 0x0000000785f00000|  0%| F|  |TAMS 0x0000000785e00000, 0x0000000785e00000| Untracked 
|  95|0x0000000785f00000, 0x0000000785f00000, 0x0000000786000000|  0%| F|  |TAMS 0x0000000785f00000, 0x0000000785f00000| Untracked 
|  96|0x0000000786000000, 0x0000000786000000, 0x0000000786100000|  0%| F|  |TAMS 0x0000000786000000, 0x0000000786000000| Untracked 
|  97|0x0000000786100000, 0x0000000786100000, 0x0000000786200000|  0%| F|  |TAMS 0x0000000786100000, 0x0000000786100000| Untracked 
|  98|0x0000000786200000, 0x0000000786200000, 0x0000000786300000|  0%| F|  |TAMS 0x0000000786200000, 0x0000000786200000| Untracked 
|  99|0x0000000786300000, 0x0000000786300000, 0x0000000786400000|  0%| F|  |TAMS 0x0000000786300000, 0x0000000786300000| Untracked 
| 100|0x0000000786400000, 0x0000000786400000, 0x0000000786500000|  0%| F|  |TAMS 0x0000000786400000, 0x0000000786400000| Untracked 
| 101|0x0000000786500000, 0x0000000786500000, 0x0000000786600000|  0%| F|  |TAMS 0x0000000786500000, 0x0000000786500000| Untracked 
| 102|0x0000000786600000, 0x0000000786600000, 0x0000000786700000|  0%| F|  |TAMS 0x0000000786600000, 0x0000000786600000| Untracked 
| 103|0x0000000786700000, 0x0000000786700000, 0x0000000786800000|  0%| F|  |TAMS 0x0000000786700000, 0x0000000786700000| Untracked 
| 104|0x0000000786800000, 0x0000000786800000, 0x0000000786900000|  0%| F|  |TAMS 0x0000000786800000, 0x0000000786800000| Untracked 
| 105|0x0000000786900000, 0x0000000786900000, 0x0000000786a00000|  0%| F|  |TAMS 0x0000000786900000, 0x0000000786900000| Untracked 
| 106|0x0000000786a00000, 0x0000000786a00000, 0x0000000786b00000|  0%| F|  |TAMS 0x0000000786a00000, 0x0000000786a00000| Untracked 
| 107|0x0000000786b00000, 0x0000000786b00000, 0x0000000786c00000|  0%| F|  |TAMS 0x0000000786b00000, 0x0000000786b00000| Untracked 
| 108|0x0000000786c00000, 0x0000000786c00000, 0x0000000786d00000|  0%| F|  |TAMS 0x0000000786c00000, 0x0000000786c00000| Untracked 
| 109|0x0000000786d00000, 0x0000000786d00000, 0x0000000786e00000|  0%| F|  |TAMS 0x0000000786d00000, 0x0000000786d00000| Untracked 
| 110|0x0000000786e00000, 0x0000000786e00000, 0x0000000786f00000|  0%| F|  |TAMS 0x0000000786e00000, 0x0000000786e00000| Untracked 
| 111|0x0000000786f00000, 0x0000000786f00000, 0x0000000787000000|  0%| F|  |TAMS 0x0000000786f00000, 0x0000000786f00000| Untracked 
| 112|0x0000000787000000, 0x0000000787000000, 0x0000000787100000|  0%| F|  |TAMS 0x0000000787000000, 0x0000000787000000| Untracked 
| 113|0x0000000787100000, 0x0000000787100000, 0x0000000787200000|  0%| F|  |TAMS 0x0000000787100000, 0x0000000787100000| Untracked 
| 114|0x0000000787200000, 0x0000000787200000, 0x0000000787300000|  0%| F|  |TAMS 0x0000000787200000, 0x0000000787200000| Untracked 
| 115|0x0000000787300000, 0x0000000787300000, 0x0000000787400000|  0%| F|  |TAMS 0x0000000787300000, 0x0000000787300000| Untracked 
| 116|0x0000000787400000, 0x0000000787400000, 0x0000000787500000|  0%| F|  |TAMS 0x0000000787400000, 0x0000000787400000| Untracked 
| 117|0x0000000787500000, 0x0000000787500000, 0x0000000787600000|  0%| F|  |TAMS 0x0000000787500000, 0x0000000787500000| Untracked 
| 118|0x0000000787600000, 0x0000000787600000, 0x0000000787700000|  0%| F|  |TAMS 0x0000000787600000, 0x0000000787600000| Untracked 
| 119|0x0000000787700000, 0x0000000787700000, 0x0000000787800000|  0%| F|  |TAMS 0x0000000787700000, 0x0000000787700000| Untracked 
| 120|0x0000000787800000, 0x0000000787800000, 0x0000000787900000|  0%| F|  |TAMS 0x0000000787800000, 0x0000000787800000| Untracked 
| 121|0x0000000787900000, 0x0000000787900000, 0x0000000787a00000|  0%| F|  |TAMS 0x0000000787900000, 0x0000000787900000| Untracked 
| 122|0x0000000787a00000, 0x0000000787a00000, 0x0000000787b00000|  0%| F|  |TAMS 0x0000000787a00000, 0x0000000787a00000| Untracked 
| 123|0x0000000787b00000, 0x0000000787b00000, 0x0000000787c00000|  0%| F|  |TAMS 0x0000000787b00000, 0x0000000787b00000| Untracked 
| 124|0x0000000787c00000, 0x0000000787c00000, 0x0000000787d00000|  0%| F|  |TAMS 0x0000000787c00000, 0x0000000787c00000| Untracked 
| 125|0x0000000787d00000, 0x0000000787d00000, 0x0000000787e00000|  0%| F|  |TAMS 0x0000000787d00000, 0x0000000787d00000| Untracked 
| 126|0x0000000787e00000, 0x0000000787ef64c0, 0x0000000787f00000| 96%| E|  |TAMS 0x0000000787e00000, 0x0000000787e00000| Complete 
| 127|0x0000000787f00000, 0x0000000788000000, 0x0000000788000000|100%| E|CS|TAMS 0x0000000787f00000, 0x0000000787f00000| Complete 

Card table byte_map: [0x0000000128539000,0x0000000128939000] _byte_map_base: 0x0000000124939000

Marking Bits (Prev, Next): (CMBitMap*) 0x00007fa3dd033c18, (CMBitMap*) 0x00007fa3dd033c50
 Prev Bits: [0x0000000128d39000, 0x000000012ad39000)
 Next Bits: [0x000000012ad39000, 0x000000012cd39000)

Polling page: 0x0000000102443000

Metaspace:

Usage:
  Non-class:      5.37 MB capacity,     5.24 MB ( 98%) used,   127.95 KB (  2%) free+waste,     3.56 KB ( <1%) overhead. 
      Class:    541.00 KB capacity,   502.66 KB ( 93%) used,    36.65 KB (  7%) free+waste,     1.69 KB ( <1%) overhead. 
       Both:      5.90 MB capacity,     5.73 MB ( 97%) used,   164.59 KB (  3%) free+waste,     5.25 KB ( <1%) overhead. 

Virtual space:
  Non-class space:        8.00 MB reserved,       5.50 MB ( 69%) committed 
      Class space:        1.00 GB reserved,     640.00 KB ( <1%) committed 
             Both:        1.01 GB reserved,       6.12 MB ( <1%) committed 

Chunk freelists:
   Non-Class:  5.62 KB
       Class:  384 bytes
        Both:  6.00 KB

CodeHeap 'non-profiled nmethods': size=120032Kb used=39Kb max_used=39Kb free=119992Kb
 bounds [0x0000000120a26000, 0x0000000120c96000, 0x0000000127f5e000]
CodeHeap 'profiled nmethods': size=120028Kb used=239Kb max_used=239Kb free=119788Kb
 bounds [0x00000001194ef000, 0x000000011975f000, 0x0000000120a26000]
CodeHeap 'non-nmethods': size=5700Kb used=1022Kb max_used=1026Kb free=4677Kb
 bounds [0x0000000118f5e000, 0x00000001191ce000, 0x00000001194ef000]
 total_blobs=506 nmethods=193 adapters=227
 compilation: enabled
              stopped_count=0, restarted_count=0
 full_count=0

Compilation events (10 events):
Event: 0.161 Thread 0x00007fa3dd04b800  186       3       jdk.internal.org.objectweb.asm.ByteVector::putByte (39 bytes)
Event: 0.162 Thread 0x00007fa3dd04b800 nmethod 186 0x0000000119529310 code [0x00000001195294c0, 0x00000001195296a0]
Event: 0.162 Thread 0x00007fa3dd04b800  187       3       java.lang.ref.WeakReference::<init> (6 bytes)
Event: 0.162 Thread 0x00007fa3dd04b800 nmethod 187 0x0000000119529810 code [0x00000001195299e0, 0x0000000119529cf0]
Event: 0.162 Thread 0x00007fa3dd04b800  191       3       java.util.regex.Pattern::peek (26 bytes)
Event: 0.162 Thread 0x00007fa3dd04b800 nmethod 191 0x0000000119529e10 code [0x0000000119529fc0, 0x000000011952a220]
Event: 0.162 Thread 0x00007fa3dd04b800  193       3       java.util.regex.ASCII::isAscii (13 bytes)
Event: 0.162 Thread 0x00007fa3dd04b800 nmethod 193 0x000000011952a390 code [0x000000011952a520, 0x000000011952a650]
Event: 0.162 Thread 0x00007fa3dd04b800  192       3       java.util.regex.Pattern::next (33 bytes)
Event: 0.162 Thread 0x00007fa3dd04b800 nmethod 192 0x000000011952a710 code [0x000000011952a8c0, 0x000000011952ab20]

GC Heap History (0 events):
No events

Deoptimization events (2 events):
Event: 0.098 Thread 0x00007fa3dd016000 Uncommon trap: reason=unstable_if action=reinterpret pc=0x0000000120a29ba8 method=java.lang.String.hashCode()I @ 14 c2
Event: 0.155 Thread 0x00007fa3dd016000 Uncommon trap: reason=unstable_if action=reinterpret pc=0x0000000120a2e614 method=java.lang.String.isLatin1()Z @ 10 c2

Classes redefined (0 events):
No events

Internal exceptions (1 events):
Event: 0.126 Thread 0x00007fa3dd016000 Exception <a 'java/lang/NoSuchMethodError'{0x0000000787e46878}: java.lang.invoke.DirectMethodHandle$Holder.invokeSpecialIFC(Ljava/lang/Object;Ljava/lang/Object;I)I> (0x0000000787e46878) thrown at [./open/src/hotspot/share/interpreter/linkResolver.cpp, lin

Events (10 events):
Event: 0.160 loading class java/util/regex/Pattern$Curly
Event: 0.160 loading class java/util/regex/Pattern$Curly done
Event: 0.160 loading class java/util/regex/Pattern$BranchConn
Event: 0.160 loading class java/util/regex/Pattern$BranchConn done
Event: 0.160 loading class java/util/regex/Pattern$Branch
Event: 0.160 loading class java/util/regex/Pattern$Branch done
Event: 0.161 loading class java/util/regex/Pattern$GroupCurly
Event: 0.161 loading class java/util/regex/Pattern$GroupCurly done
Event: 1.292 loading class java/util/regex/Pattern$2
Event: 1.292 loading class java/util/regex/Pattern$2 done


Dynamic libraries:
0x00007ffdffdab000 	/Library/Apple/usr/libexec/oah/runtime
0x00007fff35268000 	/System/Library/Frameworks/Cocoa.framework/Versions/A/Cocoa
0x00007fff221a0000 	/System/Library/Frameworks/Security.framework/Versions/A/Security
0x00007fff334b7000 	/System/Library/Frameworks/ApplicationServices.framework/Versions/A/ApplicationServices
0x00007fff2a630000 	/usr/lib/libz.1.dylib
0x000000010a6e7000 	/Library/Java/JavaVirtualMachines/jdk-11.0.10.jdk/Contents/Home/lib/jli/libjli.dylib
0x00007fff2a6fc000 	/usr/lib/libSystem.B.dylib
0x00007fff22bc4000 	/System/Library/Frameworks/AppKit.framework/Versions/C/AppKit
0x00007fff25a73000 	/System/Library/Frameworks/CoreData.framework/Versions/A/CoreData
0x00007fff21114000 	/System/Library/Frameworks/Foundation.framework/Versions/C/Foundation
0x00007fff23921000 	/System/Library/PrivateFrameworks/UIFoundation.framework/Versions/A/UIFoundation
0x00007fff2fe9a000 	/System/Library/PrivateFrameworks/RemoteViewServices.framework/Versions/A/RemoteViewServices
0x00007fff28c4c000 	/System/Library/PrivateFrameworks/XCTTargetBootstrap.framework/Versions/A/XCTTargetBootstrap
0x00007fff2b999000 	/usr/lib/libspindump.dylib
0x00007fff23b75000 	/System/Library/Frameworks/UniformTypeIdentifiers.framework/Versions/A/UniformTypeIdentifiers
0x00007fff2741e000 	/usr/lib/libapp_launch_measurement.dylib
0x00007fff27421000 	/System/Library/PrivateFrameworks/CoreAutoLayout.framework/Versions/A/CoreAutoLayout
0x00007fff285ad000 	/System/Library/Frameworks/Metal.framework/Versions/A/Metal
0x00007fff292a2000 	/usr/lib/liblangid.dylib
0x00007fff28c50000 	/System/Library/PrivateFrameworks/CoreSVG.framework/Versions/A/CoreSVG
0x00007fff24b5c000 	/System/Library/PrivateFrameworks/SkyLight.framework/Versions/A/SkyLight
0x00007fff24ebb000 	/System/Library/Frameworks/CoreGraphics.framework/Versions/A/CoreGraphics
0x00007fff304f1000 	/System/Library/Frameworks/Accelerate.framework/Versions/A/Accelerate
0x00007fff2b3d4000 	/System/Library/PrivateFrameworks/IconServices.framework/Versions/A/IconServices
0x00007fff2858e000 	/System/Library/Frameworks/IOSurface.framework/Versions/A/IOSurface
0x00007fff26405000 	/usr/lib/libDiagnosticMessagesClient.dylib
0x00007fff28c38000 	/System/Library/PrivateFrameworks/DFRFoundation.framework/Versions/A/DFRFoundation
0x00007fff224f0000 	/usr/lib/libicucore.A.dylib
0x00007fff2ced4000 	/System/Library/Frameworks/AudioToolbox.framework/Versions/A/AudioToolbox
0x00007fff2c17f000 	/System/Library/PrivateFrameworks/DataDetectorsCore.framework/Versions/A/DataDetectorsCore
0x00007fff28938000 	/System/Library/Frameworks/Carbon.framework/Versions/A/Frameworks/HIToolbox.framework/Versions/A/HIToolbox
0x00007fff26e81000 	/System/Library/Frameworks/QuartzCore.framework/Versions/A/QuartzCore
0x00007fff2fed6000 	/System/Library/Frameworks/Carbon.framework/Versions/A/Frameworks/SpeechRecognition.framework/Versions/A/SpeechRecognition
0x00007fff27186000 	/System/Library/PrivateFrameworks/CoreUI.framework/Versions/A/CoreUI
0x00007fff21afc000 	/System/Library/Frameworks/CoreAudio.framework/Versions/A/CoreAudio
0x00007fff264f0000 	/System/Library/Frameworks/DiskArbitration.framework/Versions/A/DiskArbitration
0x00007fff2bd91000 	/System/Library/PrivateFrameworks/MultitouchSupport.framework/Versions/A/MultitouchSupport
0x00007fff2c176000 	/System/Library/PrivateFrameworks/InternationalSupport.framework/Versions/A/InternationalSupport
0x00007fff24ad0000 	/usr/lib/libenergytrace.dylib
0x00007fff22abe000 	/System/Library/Frameworks/IOKit.framework/Versions/A/IOKit
0x00007fff30223000 	/System/Library/Frameworks/CoreServices.framework/Versions/A/CoreServices
0x00007fff273b4000 	/System/Library/PrivateFrameworks/PerformanceAnalysis.framework/Versions/A/PerformanceAnalysis
0x00007fff6b717000 	/System/Library/Frameworks/OpenGL.framework/Versions/A/OpenGL
0x00007fff2c1fb000 	/System/Library/PrivateFrameworks/UserActivity.framework/Versions/A/UserActivity
0x00007fff20254000 	/usr/lib/libobjc.A.dylib
0x00007fff25575000 	/System/Library/Frameworks/ColorSync.framework/Versions/A/ColorSync
0x00007fff20435000 	/System/Library/Frameworks/CoreFoundation.framework/Versions/A/CoreFoundation
0x00007fff28ebb000 	/System/Library/Frameworks/CoreImage.framework/Versions/A/CoreImage
0x00007fff21912000 	/System/Library/Frameworks/CoreText.framework/Versions/A/CoreText
0x00007fff28c7a000 	/System/Library/Frameworks/ImageIO.framework/Versions/A/ImageIO
0x00007fff2a702000 	/System/Library/PrivateFrameworks/SoftLinking.framework/Versions/A/SoftLinking
0x00007fff2746a000 	/usr/lib/libxml2.2.dylib
0x00007fff2031a000 	/usr/lib/libc++.1.dylib
0x00007fff2a974000 	/usr/lib/libcompression.dylib
0x00007fff24ad1000 	/usr/lib/libMobileGestalt.dylib
0x00007fff2c0a9000 	/System/Library/PrivateFrameworks/TextureIO.framework/Versions/A/TextureIO
0x00007fff2b062000 	/usr/lib/libate.dylib
0x00007fff2a6f6000 	/usr/lib/system/libcache.dylib
0x00007fff2a6b2000 	/usr/lib/system/libcommonCrypto.dylib
0x00007fff2a6dc000 	/usr/lib/system/libcompiler_rt.dylib
0x00007fff2a6d1000 	/usr/lib/system/libcopyfile.dylib
0x00007fff20146000 	/usr/lib/system/libcorecrypto.dylib
0x00007fff2020f000 	/usr/lib/system/libdispatch.dylib
0x00007fff203c4000 	/usr/lib/system/libdyld.dylib
0x00007fff2a6ed000 	/usr/lib/system/libkeymgr.dylib
0x00007fff2dc83000 	/usr/lib/system/liblaunch.dylib
0x00007fff2a690000 	/usr/lib/system/libmacho.dylib
0x00007fff29ea6000 	/usr/lib/system/libquarantine.dylib
0x00007fff2a6ea000 	/usr/lib/system/libremovefile.dylib
0x00007fff24b2d000 	/usr/lib/system/libsystem_asl.dylib
0x00007fff200f6000 	/usr/lib/system/libsystem_blocks.dylib
0x00007fff20291000 	/usr/lib/system/libsystem_c.dylib
0x00007fff2a6e4000 	/usr/lib/system/libsystem_collections.dylib
0x00007fff29293000 	/usr/lib/system/libsystem_configuration.dylib
0x00007fff2857d000 	/usr/lib/system/libsystem_containermanager.dylib
0x00007fff2a428000 	/usr/lib/system/libsystem_coreservices.dylib
0x00007fff22752000 	/usr/lib/system/libsystem_darwin.dylib
0x00007fff2a6ee000 	/usr/lib/system/libsystem_dnssd.dylib
0x00007fff2028e000 	/usr/lib/system/libsystem_featureflags.dylib
0x00007fff20409000 	/usr/lib/system/libsystem_info.dylib
0x00007fff2a643000 	/usr/lib/system/libsystem_m.dylib
0x00007fff201e2000 	/usr/lib/system/libsystem_malloc.dylib
0x00007fff24ac1000 	/usr/lib/system/libsystem_networkextension.dylib
0x00007fff22b6c000 	/usr/lib/system/libsystem_notify.dylib
0x00007fff30121000 	/usr/lib/system/libsystem_product_info_filter.dylib
0x00007fff29297000 	/usr/lib/system/libsystem_sandbox.dylib
0x00007fff2a6e7000 	/usr/lib/system/libsystem_secinit.dylib
0x00007fff20389000 	/usr/lib/system/libsystem_kernel.dylib
0x00007fff203ff000 	/usr/lib/system/libsystem_platform.dylib
0x00007fff203b8000 	/usr/lib/system/libsystem_pthread.dylib
0x00007fff26253000 	/usr/lib/system/libsystem_symptoms.dylib
0x00007fff2012e000 	/usr/lib/system/libsystem_trace.dylib
0x00007fff2a6be000 	/usr/lib/system/libunwind.dylib
0x00007fff200f8000 	/usr/lib/system/libxpc.dylib
0x00007fff20370000 	/usr/lib/libc++abi.dylib
0x00007fff2a6c9000 	/usr/lib/liboah.dylib
0x00007fff2ad8d000 	/usr/lib/liblzma.5.dylib
0x00007fff20e2a000 	/System/Library/Frameworks/SystemConfiguration.framework/Versions/A/SystemConfiguration
0x00007fff2a6fe000 	/usr/lib/libfakelink.dylib
0x00007fff24623000 	/System/Library/Frameworks/CFNetwork.framework/Versions/A/CFNetwork
0x00007fff2a83e000 	/usr/lib/libarchive.2.dylib
0x00007fff20ea7000 	/usr/lib/libCRFSuite.dylib
0x00007fff29ecd000 	/usr/lib/libbsm.0.dylib
0x00007fff23fdf000 	/usr/lib/libnetwork.dylib
0x00007fff2a703000 	/usr/lib/libpcap.A.dylib
0x00007fff2624c000 	/usr/lib/libdns_services.dylib
0x00007fff2ada6000 	/usr/lib/libcoretls_cfhelpers.dylib
0x00007fff2a942000 	/usr/lib/libapple_nghttp2.dylib
0x00007fff2a696000 	/usr/lib/system/libkxld.dylib
0x00007fff25eba000 	/usr/lib/libsqlite3.dylib
0x00007fff2a40a000 	/System/Library/PrivateFrameworks/AppleFSCompression.framework/Versions/A/AppleFSCompression
0x00007fff29eb5000 	/usr/lib/libcoretls.dylib
0x00007fff2a96f000 	/usr/lib/libpam.2.dylib
0x00007fff2aea3000 	/usr/lib/libxar.1.dylib
0x00007fff2929e000 	/System/Library/PrivateFrameworks/AppleSystemInfo.framework/Versions/A/AppleSystemInfo
0x00007fff29af8000 	/System/Library/PrivateFrameworks/IOMobileFramebuffer.framework/Versions/A/IOMobileFramebuffer
0x00007fff2a41a000 	/usr/lib/libbz2.1.0.dylib
0x00007fff2a73b000 	/usr/lib/libiconv.2.dylib
0x00007fff2a68f000 	/usr/lib/libcharset.1.dylib
0x00007fff273f0000 	/System/Library/Frameworks/CoreServices.framework/Versions/A/Frameworks/FSEvents.framework/Versions/A/FSEvents
0x00007fff2275c000 	/System/Library/Frameworks/CoreServices.framework/Versions/A/Frameworks/CarbonCore.framework/Versions/A/CarbonCore
0x00007fff26455000 	/System/Library/Frameworks/CoreServices.framework/Versions/A/Frameworks/Metadata.framework/Versions/A/Metadata
0x00007fff2a42d000 	/System/Library/Frameworks/CoreServices.framework/Versions/A/Frameworks/OSServices.framework/Versions/A/OSServices
0x00007fff2a8b0000 	/System/Library/Frameworks/CoreServices.framework/Versions/A/Frameworks/SearchKit.framework/Versions/A/SearchKit
0x00007fff261d6000 	/System/Library/Frameworks/CoreServices.framework/Versions/A/Frameworks/AE.framework/Versions/A/AE
0x00007fff208d1000 	/System/Library/Frameworks/CoreServices.framework/Versions/A/Frameworks/LaunchServices.framework/Versions/A/LaunchServices
0x00007fff2ad3e000 	/System/Library/Frameworks/CoreServices.framework/Versions/A/Frameworks/DictionaryServices.framework/Versions/A/DictionaryServices
0x00007fff273f9000 	/System/Library/Frameworks/CoreServices.framework/Versions/A/Frameworks/SharedFileList.framework/Versions/A/SharedFileList
0x00007fff29ea9000 	/usr/lib/libCheckFix.dylib
0x00007fff24b44000 	/System/Library/PrivateFrameworks/TCC.framework/Versions/A/TCC
0x00007fff292a4000 	/System/Library/PrivateFrameworks/CoreNLP.framework/Versions/A/CoreNLP
0x00007fff26408000 	/System/Library/PrivateFrameworks/MetadataUtilities.framework/Versions/A/MetadataUtilities
0x00007fff20edd000 	/usr/lib/libmecabra.dylib
0x00007fff2a1bd000 	/System/Library/Frameworks/MLCompute.framework/Versions/A/MLCompute
0x00007fff29ede000 	/usr/lib/libmecab.dylib
0x00007fff29f28000 	/usr/lib/libgermantok.dylib
0x00007fff2a918000 	/usr/lib/libThaiTokenizer.dylib
0x00007fff2aede000 	/usr/lib/libChineseTokenizer.dylib
0x00007fff2a96d000 	/System/Library/Frameworks/MetalPerformanceShaders.framework/Versions/A/MetalPerformanceShaders
0x00007fff264f7000 	/System/Library/Frameworks/Accelerate.framework/Versions/A/Frameworks/vImage.framework/Versions/A/vImage
0x00007fff301fc000 	/System/Library/Frameworks/Accelerate.framework/Versions/A/Frameworks/vecLib.framework/Versions/A/vecLib
0x00007fff2aee9000 	/System/Library/Frameworks/Accelerate.framework/Versions/A/Frameworks/vecLib.framework/Versions/A/libvMisc.dylib
0x00007fff29954000 	/System/Library/Frameworks/Accelerate.framework/Versions/A/Frameworks/vecLib.framework/Versions/A/libvDSP.dylib
0x00007fff20bd4000 	/System/Library/Frameworks/Accelerate.framework/Versions/A/Frameworks/vecLib.framework/Versions/A/libBLAS.dylib
0x00007fff2a993000 	/System/Library/Frameworks/Accelerate.framework/Versions/A/Frameworks/vecLib.framework/Versions/A/libLAPACK.dylib
0x00007fff29f2e000 	/System/Library/Frameworks/Accelerate.framework/Versions/A/Frameworks/vecLib.framework/Versions/A/libLinearAlgebra.dylib
0x00007fff2a95a000 	/System/Library/Frameworks/Accelerate.framework/Versions/A/Frameworks/vecLib.framework/Versions/A/libSparseBLAS.dylib
0x00007fff2a98d000 	/System/Library/Frameworks/Accelerate.framework/Versions/A/Frameworks/vecLib.framework/Versions/A/libQuadrature.dylib
0x00007fff2934c000 	/System/Library/Frameworks/Accelerate.framework/Versions/A/Frameworks/vecLib.framework/Versions/A/libBNNS.dylib
0x00007fff20dbb000 	/System/Library/Frameworks/Accelerate.framework/Versions/A/Frameworks/vecLib.framework/Versions/A/libSparse.dylib
0x00007fff29237000 	/System/Library/Frameworks/MetalPerformanceShaders.framework/Versions/A/Frameworks/MPSCore.framework/Versions/A/MPSCore
0x00007fff2a379000 	/System/Library/Frameworks/MetalPerformanceShaders.framework/Versions/A/Frameworks/MPSImage.framework/Versions/A/MPSImage
0x00007fff29f45000 	/System/Library/Frameworks/MetalPerformanceShaders.framework/Versions/A/Frameworks/MPSNeuralNetwork.framework/Versions/A/MPSNeuralNetwork
0x00007fff2a304000 	/System/Library/Frameworks/MetalPerformanceShaders.framework/Versions/A/Frameworks/MPSMatrix.framework/Versions/A/MPSMatrix
0x00007fff2a16d000 	/System/Library/Frameworks/MetalPerformanceShaders.framework/Versions/A/Frameworks/MPSRayIntersector.framework/Versions/A/MPSRayIntersector
0x00007fff2a33b000 	/System/Library/Frameworks/MetalPerformanceShaders.framework/Versions/A/Frameworks/MPSNDArray.framework/Versions/A/MPSNDArray
0x00007fff20b00000 	/System/Library/PrivateFrameworks/MetalTools.framework/Versions/A/MetalTools
0x00007fff2929c000 	/System/Library/PrivateFrameworks/AggregateDictionary.framework/Versions/A/AggregateDictionary
0x00007fff263e0000 	/System/Library/PrivateFrameworks/CoreAnalytics.framework/Versions/A/CoreAnalytics
0x00007fff2a91a000 	/System/Library/PrivateFrameworks/AppleSauce.framework/Versions/A/AppleSauce
0x00007fff285a0000 	/System/Library/PrivateFrameworks/IOAccelerator.framework/Versions/A/IOAccelerator
0x00007fff6b70b000 	/System/Library/Frameworks/OpenGL.framework/Versions/A/Libraries/libCoreFSCache.dylib
0x00007fff21478000 	/System/Library/PrivateFrameworks/LanguageModeling.framework/Versions/A/LanguageModeling
0x00007fff29ae5000 	/System/Library/PrivateFrameworks/CoreEmoji.framework/Versions/A/CoreEmoji
0x00007fff29345000 	/System/Library/PrivateFrameworks/LinguisticData.framework/Versions/A/LinguisticData
0x00007fff20d6d000 	/System/Library/PrivateFrameworks/Lexicon.framework/Versions/A/Lexicon
0x00007fff2a82c000 	/usr/lib/libcmph.dylib
0x00007fff273d0000 	/System/Library/Frameworks/OpenDirectory.framework/Versions/A/Frameworks/CFOpenDirectory.framework/Versions/A/CFOpenDirectory
0x00007fff273c0000 	/System/Library/Frameworks/OpenDirectory.framework/Versions/A/OpenDirectory
0x00007fff2ada8000 	/System/Library/PrivateFrameworks/APFS.framework/Versions/A/APFS
0x00007fff29e0a000 	/System/Library/Frameworks/SecurityFoundation.framework/Versions/A/SecurityFoundation
0x00007fff2aeb1000 	/usr/lib/libutil.dylib
0x00007fff22a83000 	/System/Library/PrivateFrameworks/CoreServicesStore.framework/Versions/A/CoreServicesStore
0x00007fff29ea1000 	/System/Library/Frameworks/ServiceManagement.framework/Versions/A/ServiceManagement
0x00007fff2aeb5000 	/usr/lib/libxslt.1.dylib
0x00007fff29e97000 	/System/Library/PrivateFrameworks/BackgroundTaskManagement.framework/Versions/A/BackgroundTaskManagement
0x00007fff2bff4000 	/System/Library/Frameworks/ImageIO.framework/Versions/A/Resources/libRadiance.dylib
0x00007fff2bffd000 	/System/Library/Frameworks/ImageIO.framework/Versions/A/Resources/libJPEG.dylib
0x00007fff2bf4b000 	/System/Library/Frameworks/ImageIO.framework/Versions/A/Resources/libPng.dylib
0x00007fff2bf72000 	/System/Library/Frameworks/ImageIO.framework/Versions/A/Resources/libTIFF.dylib
0x00007fff2c052000 	/System/Library/Frameworks/ImageIO.framework/Versions/A/Resources/libGIF.dylib
0x00007fff2bcaf000 	/System/Library/Frameworks/ImageIO.framework/Versions/A/Resources/libJP2.dylib
0x00007fff2b39b000 	/usr/lib/libexpat.1.dylib
0x00007fff2bc65000 	/System/Library/PrivateFrameworks/AppleJPEG.framework/Versions/A/AppleJPEG
0x00007fff287db000 	/System/Library/PrivateFrameworks/FontServices.framework/libFontParser.dylib
0x00007fff2618a000 	/System/Library/PrivateFrameworks/RunningBoardServices.framework/Versions/A/RunningBoardServices
0x00007fff2bd8d000 	/System/Library/PrivateFrameworks/WatchdogClient.framework/Versions/A/WatchdogClient
0x00007fff21565000 	/System/Library/Frameworks/CoreDisplay.framework/Versions/A/CoreDisplay
0x00007fff286f0000 	/System/Library/Frameworks/CoreMedia.framework/Versions/A/CoreMedia
0x00007fff2754d000 	/System/Library/Frameworks/CoreVideo.framework/Versions/A/CoreVideo
0x00007fff2bdc5000 	/System/Library/Frameworks/VideoToolbox.framework/Versions/A/VideoToolbox
0x00007fff26108000 	/System/Library/PrivateFrameworks/BaseBoard.framework/Versions/A/BaseBoard
0x00007fff2b4e0000 	/System/Library/PrivateFrameworks/PersistentConnection.framework/Versions/A/PersistentConnection
0x00007fff25ea3000 	/System/Library/PrivateFrameworks/ProtocolBuffer.framework/Versions/A/ProtocolBuffer
0x00007fff260ef000 	/System/Library/PrivateFrameworks/CommonUtilities.framework/Versions/A/CommonUtilities
0x00007fff2bbfa000 	/System/Library/PrivateFrameworks/Bom.framework/Versions/A/Bom
0x00007fff2bfed000 	/System/Library/PrivateFrameworks/GPUWrangler.framework/Versions/A/GPUWrangler
0x00007fff2bfd0000 	/System/Library/PrivateFrameworks/IOPresentment.framework/Versions/A/IOPresentment
0x00007fff2bff7000 	/System/Library/PrivateFrameworks/DSExternalDisplay.framework/Versions/A/DSExternalDisplay
0x00007fff2c057000 	/System/Library/PrivateFrameworks/CMCaptureCore.framework/Versions/A/CMCaptureCore
0x00007fff2b980000 	/System/Library/PrivateFrameworks/AppServerSupport.framework/Versions/A/AppServerSupport
0x00007fff2da24000 	/System/Library/PrivateFrameworks/perfdata.framework/Versions/A/perfdata
0x00007fff29df9000 	/System/Library/PrivateFrameworks/AssertionServices.framework/Versions/A/AssertionServices
0x00007fff2169c000 	/System/Library/PrivateFrameworks/AudioToolboxCore.framework/Versions/A/AudioToolboxCore
0x00007fff286d3000 	/System/Library/PrivateFrameworks/caulk.framework/Versions/A/caulk
0x00007fff3ccbe000 	/System/Library/PrivateFrameworks/SystemPolicy.framework/Versions/A/SystemPolicy
0x00007fff2b191000 	/usr/lib/libIOReport.dylib
0x00007fff2d246000 	/usr/lib/libSMC.dylib
0x00007fff2bf18000 	/usr/lib/libAudioToolboxUtility.dylib
0x00007fff3d623000 	/usr/lib/libmis.dylib
0x00007fff6b767000 	/System/Library/Frameworks/OpenGL.framework/Versions/A/Libraries/libGLU.dylib
0x00007fff6b72a000 	/System/Library/Frameworks/OpenGL.framework/Versions/A/Libraries/libGFXShared.dylib
0x00007fff6b939000 	/System/Library/Frameworks/OpenGL.framework/Versions/A/Libraries/libGL.dylib
0x00007fff6b733000 	/System/Library/Frameworks/OpenGL.framework/Versions/A/Libraries/libGLImage.dylib
0x00007fff6b727000 	/System/Library/Frameworks/OpenGL.framework/Versions/A/Libraries/libCVMSPluginSupport.dylib
0x00007fff6b712000 	/System/Library/Frameworks/OpenGL.framework/Versions/A/Libraries/libCoreVMClient.dylib
0x00007fff6cd7a000 	/System/Library/Frameworks/OpenCL.framework/Versions/A/OpenCL
0x00007fff2b50a000 	/System/Library/PrivateFrameworks/GraphVisualizer.framework/Versions/A/GraphVisualizer
0x00007fff2b519000 	/System/Library/PrivateFrameworks/FaceCore.framework/Versions/A/FaceCore
0x00007fff2b935000 	/System/Library/PrivateFrameworks/OTSVG.framework/Versions/A/OTSVG
0x00007fff27144000 	/System/Library/Frameworks/ApplicationServices.framework/Versions/A/Frameworks/ATS.framework/Versions/A/Resources/libFontRegistry.dylib
0x00007fff2b987000 	/System/Library/PrivateFrameworks/FontServices.framework/libhvf.dylib
0x00007fff2b347000 	/System/Library/PrivateFrameworks/AppleVA.framework/Versions/A/AppleVA
0x00007fff2d08f000 	/System/Library/Frameworks/ApplicationServices.framework/Versions/A/Frameworks/ATS.framework/Versions/A/ATS
0x00007fff2d3a1000 	/System/Library/Frameworks/ApplicationServices.framework/Versions/A/Frameworks/ColorSyncLegacy.framework/Versions/A/ColorSyncLegacy
0x00007fff2566c000 	/System/Library/Frameworks/ApplicationServices.framework/Versions/A/Frameworks/HIServices.framework/Versions/A/HIServices
0x00007fff2d386000 	/System/Library/Frameworks/ApplicationServices.framework/Versions/A/Frameworks/LangAnalysis.framework/Versions/A/LangAnalysis
0x00007fff2c061000 	/System/Library/Frameworks/ApplicationServices.framework/Versions/A/Frameworks/PrintCore.framework/Versions/A/PrintCore
0x00007fff2d3a9000 	/System/Library/Frameworks/ApplicationServices.framework/Versions/A/Frameworks/QD.framework/Versions/A/QD
0x00007fff2d07f000 	/System/Library/Frameworks/ApplicationServices.framework/Versions/A/Frameworks/SpeechSynthesis.framework/Versions/A/SpeechSynthesis
0x00007fff2c022000 	/System/Library/Frameworks/ApplicationServices.framework/Versions/A/Frameworks/ATSUI.framework/Versions/A/ATSUI
0x00007fff2d326000 	/usr/lib/libcups.2.dylib
0x00007fff2d396000 	/System/Library/PrivateFrameworks/NetAuth.framework/Versions/A/NetAuth
0x00007fff2da40000 	/System/Library/Frameworks/Kerberos.framework/Versions/A/Kerberos
0x00007fff2da50000 	/System/Library/Frameworks/GSS.framework/Versions/A/GSS
0x00007fff2d0fb000 	/usr/lib/libresolv.9.dylib
0x00007fff2b99c000 	/System/Library/PrivateFrameworks/Heimdal.framework/Versions/A/Heimdal
0x00007fff337b7000 	/System/Library/Frameworks/Kerberos.framework/Versions/A/Libraries/libHeimdalProxy.dylib
0x00007fff2625b000 	/System/Library/Frameworks/Network.framework/Versions/A/Network
0x00007fff2b3b5000 	/usr/lib/libheimdal-asn1.dylib
0x00007fff2daa0000 	/System/Library/PrivateFrameworks/CommonAuth.framework/Versions/A/CommonAuth
0x00007fff2759a000 	/System/Library/PrivateFrameworks/login.framework/Versions/A/Frameworks/loginsupport.framework/Versions/A/loginsupport
0x00007fff2d004000 	/System/Library/PrivateFrameworks/AudioSession.framework/Versions/A/AudioSession
0x00007fff2d06c000 	/usr/lib/libAudioStatistics.dylib
0x00007fff2b442000 	/System/Library/PrivateFrameworks/MediaExperience.framework/Versions/A/MediaExperience
0x00007fff2cea2000 	/System/Library/PrivateFrameworks/AudioSession.framework/libSessionUtility.dylib
0x00007fff2da31000 	/usr/lib/libperfcheck.dylib
0x00007fff2d3b5000 	/System/Library/PrivateFrameworks/AudioResourceArbitration.framework/Versions/A/AudioResourceArbitration
0x00007fff2b3bf000 	/System/Library/PrivateFrameworks/IconFoundation.framework/Versions/A/IconFoundation
0x00007fff2fec6000 	/System/Library/PrivateFrameworks/SpeechRecognitionCore.framework/Versions/A/SpeechRecognitionCore
0x00007fff5ca54000 	/System/Library/CoreServices/Encodings/libKoreanConverter.dylib
0x000000010e800000 	/Library/Java/JavaVirtualMachines/jdk-11.0.10.jdk/Contents/Home/lib/server/libjvm.dylib
0x000000010a754000 	/Library/Java/JavaVirtualMachines/jdk-11.0.10.jdk/Contents/Home/lib/libverify.dylib
0x0000000110a33000 	/Library/Java/JavaVirtualMachines/jdk-11.0.10.jdk/Contents/Home/lib/libjava.dylib
0x000000010a7ce000 	/Library/Java/JavaVirtualMachines/jdk-11.0.10.jdk/Contents/Home/lib/libjimage.dylib
0x0000000110ada000 	/Library/Java/JavaVirtualMachines/jdk-11.0.10.jdk/Contents/Home/lib/libzip.dylib
0x000000013147a000 	/Library/Java/JavaVirtualMachines/jdk-11.0.10.jdk/Contents/Home/lib/libnio.dylib
0x00000001314a5000 	/Library/Java/JavaVirtualMachines/jdk-11.0.10.jdk/Contents/Home/lib/libnet.dylib


VM Arguments:
jvm_args: -Dfile.encoding=UTF-8 
java_command: com.javalec.base.Main
java_class_path (initial): /Users/yhj/Desktop/AI/OOP_ex/bin
Launcher Type: SUN_STANDARD

[Global flags]
     intx CICompilerCount                          = 4                                         {product} {ergonomic}
     uint ConcGCThreads                            = 2                                         {product} {ergonomic}
     uint G1ConcRefinementThreads                  = 8                                         {product} {ergonomic}
   size_t G1HeapRegionSize                         = 1048576                                   {product} {ergonomic}
    uintx GCDrainStackTargetSize                   = 64                                        {product} {ergonomic}
   size_t InitialHeapSize                          = 134217728                                 {product} {ergonomic}
   size_t MarkStackSize                            = 4194304                                   {product} {ergonomic}
   size_t MaxHeapSize                              = 2147483648                                {product} {ergonomic}
   size_t MaxNewSize                               = 1287651328                                {product} {ergonomic}
   size_t MinHeapDeltaBytes                        = 1048576                                   {product} {ergonomic}
    uintx NonNMethodCodeHeapSize                   = 5836300                                {pd product} {ergonomic}
    uintx NonProfiledCodeHeapSize                  = 122910970                              {pd product} {ergonomic}
    uintx ProfiledCodeHeapSize                     = 122910970                              {pd product} {ergonomic}
    uintx ReservedCodeCacheSize                    = 251658240                              {pd product} {ergonomic}
     bool SegmentedCodeCache                       = true                                      {product} {ergonomic}
     bool UseCompressedClassPointers               = true                                 {lp64_product} {ergonomic}
     bool UseCompressedOops                        = true                                 {lp64_product} {ergonomic}
     bool UseG1GC                                  = true                                      {product} {ergonomic}

Logging:
Log output configuration:
 #0: stdout all=warning uptime,level,tags
 #1: stderr all=off uptime,level,tags

Environment Variables:
PATH=/usr/bin:/bin:/usr/sbin:/sbin
SHELL=/bin/zsh

Signal Handlers:
SIGSEGV: [libjvm.dylib+0x7976a8], sa_mask[0]=11111111111111111111111111111111, sa_flags=SA_ONSTACK|SA_RESTART|SA_SIGINFO
SIGBUS: [libjvm.dylib+0x7976a8], sa_mask[0]=11111111111111111111111111111111, sa_flags=SA_RESTART|SA_SIGINFO
SIGFPE: [libjvm.dylib+0x7976a8], sa_mask[0]=11111111111111111111111111111111, sa_flags=SA_RESTART|SA_SIGINFO
SIGPIPE: [libjvm.dylib+0x647bd7], sa_mask[0]=11111111111111111111111111111111, sa_flags=SA_RESTART|SA_SIGINFO
SIGXFSZ: [libjvm.dylib+0x647bd7], sa_mask[0]=11111111111111111111111111111111, sa_flags=SA_RESTART|SA_SIGINFO
SIGILL: [libjvm.dylib+0x7976a8], sa_mask[0]=11111111111111111111111111111111, sa_flags=SA_RESTART|SA_SIGINFO
SIGUSR2: [libjvm.dylib+0x6481c1], sa_mask[0]=00100000000000000000000000000000, sa_flags=SA_RESTART|SA_SIGINFO
SIGHUP: [libjvm.dylib+0x646c1f], sa_mask[0]=11111111111111111111111111111111, sa_flags=SA_RESTART|SA_SIGINFO
SIGINT: [libjvm.dylib+0x646c1f], sa_mask[0]=11111111111111111111111111111111, sa_flags=SA_RESTART|SA_SIGINFO
SIGTERM: [libjvm.dylib+0x646c1f], sa_mask[0]=11111111111111111111111111111111, sa_flags=SA_RESTART|SA_SIGINFO
SIGQUIT: [libjvm.dylib+0x646c1f], sa_mask[0]=11111111111111111111111111111111, sa_flags=SA_RESTART|SA_SIGINFO


---------------  S Y S T E M  ---------------

OS:uname:Darwin 20.1.0 Darwin Kernel Version 20.1.0: Sat Oct 31 00:07:10 PDT 2020; root:xnu-7195.50.7~2/RELEASE_ARM64_T8101 x86_64
rlimit: STACK 8176k, CORE 0k, NPROC 1333, NOFILE 10240, AS infinity, DATA infinity, FSIZE infinity
load average:1.24 1.54 1.59

CPU:total 8 (initial active 8) (1 cores per cpu, 1 threads per core) family 6 model 44 stepping 0 microcode 0x0, cmov, cx8, fxsr, mmx, sse, sse2, sse3, ssse3, sse4.1, sse4.2, popcnt, aes, clmul, tsc, tscinvbit, tscinv

Memory: 4k page, physical 8388608k(57420k free)

vm_info: Java HotSpot(TM) 64-Bit Server VM (11.0.10+8-LTS-162) for bsd-amd64 JRE (11.0.10+8-LTS-162), built on Dec  8 2020 16:31:04 by "mach5one" with gcc 4.2.1 Compatible Apple LLVM 10.0.0 (clang-1000.11.45.5)

END.
